[INFO| 2017-01-04 16:15:48,471 > 
File Name: 20170101-090501.jpg
File Date: 2017-01-01 09:05:01 (YYYY-MM-DD HH:Mi:SS)
EXIF Date: 0000-00-00 00:00:00 (YYYY-MM-DD HH:Mi:SS)
Change Create from 2017-01-04 16:15:09 to 2017-01-01 09:05:01
Change Modify from 2017-01-04 16:15:30 to 2017-01-01 09:05:01
Change Access from 2017-01-04 16:15:09 to 2017-01-01 09:05:01

[ERROR| 2017-01-04 16:15:48,471 > 
File Name: 20170101-090501.jpg
File Date: 2017-01-01 09:05:01 (YYYY-MM-DD HH:Mi:SS)
EXIF Date: 0000-00-00 00:00:00 (YYYY-MM-DD HH:Mi:SS)
Change Create from 2017-01-04 16:15:09 to 2017-01-01 09:05:01
Change Modify from 2017-01-04 16:15:30 to 2017-01-01 09:05:01
Change Access from 2017-01-04 16:15:09 to 2017-01-01 09:05:01

[ERROR| 2017-01-04 16:15:56,325 > 
File Name: 20170101-090501.jpg
File Date: 2017-01-01 09:05:01 (YYYY-MM-DD HH:Mi:SS)
EXIF Date: 0000-00-00 00:00:00 (YYYY-MM-DD HH:Mi:SS)
Change Create from 2017-01-04 16:15:09 to 2017-01-01 09:05:01
Change Modify from 2017-01-04 16:15:30 to 2017-01-01 09:05:01
Change Access from 2017-01-04 16:15:09 to 2017-01-01 09:05:01
unknown error occured

[ERROR| 2017-01-04 16:15:56,325 > 
File Name: 20170101-090501.jpg
File Date: 2017-01-01 09:05:01 (YYYY-MM-DD HH:Mi:SS)
EXIF Date: 0000-00-00 00:00:00 (YYYY-MM-DD HH:Mi:SS)
Change Create from 2017-01-04 16:15:09 to 2017-01-01 09:05:01
Change Modify from 2017-01-04 16:15:30 to 2017-01-01 09:05:01
Change Access from 2017-01-04 16:15:09 to 2017-01-01 09:05:01
unknown error occured

[INFO| 2017-01-04 16:16:04,812 > 
File Name: 20170101-090501.jpg
File Date: 2017-01-01 09:05:01 (YYYY-MM-DD HH:Mi:SS)
EXIF Date: 0000-00-00 00:00:00 (YYYY-MM-DD HH:Mi:SS)
Change Create from 2017-01-01 09:05:01 to 2017-01-01 09:05:01
Change Modify from 2017-01-04 16:15:56 to 2017-01-01 09:05:01
Change Access from 2017-01-01 09:05:01 to 2017-01-01 09:05:01

[ERROR| 2017-01-04 16:16:04,812 > 
File Name: 20170101-090501.jpg
File Date: 2017-01-01 09:05:01 (YYYY-MM-DD HH:Mi:SS)
EXIF Date: 0000-00-00 00:00:00 (YYYY-MM-DD HH:Mi:SS)
Change Create from 2017-01-01 09:05:01 to 2017-01-01 09:05:01
Change Modify from 2017-01-04 16:15:56 to 2017-01-01 09:05:01
Change Access from 2017-01-01 09:05:01 to 2017-01-01 09:05:01

[INFO| 2017-01-04 16:16:06,839 > 
File Name: 20170101-090501.jpg
File Date: 2017-01-01 09:05:01 (YYYY-MM-DD HH:Mi:SS)
EXIF Date: 0000-00-00 00:00:00 (YYYY-MM-DD HH:Mi:SS)
Change Create from 2017-01-01 09:05:01 to 2017-01-01 09:05:01
Change Modify from 2017-01-04 16:15:56 to 2017-01-01 09:05:01
Change Access from 2017-01-01 09:05:01 to 2017-01-01 09:05:01

[ERROR| 2017-01-04 16:16:06,839 > 
File Name: 20170101-090501.jpg
File Date: 2017-01-01 09:05:01 (YYYY-MM-DD HH:Mi:SS)
EXIF Date: 0000-00-00 00:00:00 (YYYY-MM-DD HH:Mi:SS)
Change Create from 2017-01-01 09:05:01 to 2017-01-01 09:05:01
Change Modify from 2017-01-04 16:15:56 to 2017-01-01 09:05:01
Change Access from 2017-01-01 09:05:01 to 2017-01-01 09:05:01

[INFO| 2017-01-04 16:16:09,226 > 
File Name: 20170101-090501.jpg
File Date: 2017-01-01 09:05:01 (YYYY-MM-DD HH:Mi:SS)
EXIF Date: 0000-00-00 00:00:00 (YYYY-MM-DD HH:Mi:SS)
Change Create from 2017-01-01 09:05:01 to 2017-01-01 09:05:01
Change Modify from 2017-01-01 09:05:01 to 2017-01-01 09:05:01
Change Access from 2017-01-01 09:05:01 to 2017-01-01 09:05:01

[ERROR| 2017-01-04 16:16:09,226 > 
File Name: 20170101-090501.jpg
File Date: 2017-01-01 09:05:01 (YYYY-MM-DD HH:Mi:SS)
EXIF Date: 0000-00-00 00:00:00 (YYYY-MM-DD HH:Mi:SS)
Change Create from 2017-01-01 09:05:01 to 2017-01-01 09:05:01
Change Modify from 2017-01-01 09:05:01 to 2017-01-01 09:05:01
Change Access from 2017-01-01 09:05:01 to 2017-01-01 09:05:01

[INFO| 2017-01-04 16:16:59,470 > 
File Name: 20170101_090501.jpg
File Date: 2017-01-01 09:05:01 (YYYY-MM-DD HH:Mi:SS)
EXIF Date: 0000-00-00 00:00:00 (YYYY-MM-DD HH:Mi:SS)
Change Create from 2017-01-01 09:05:01 to 2017-01-01 09:05:01
Change Modify from 2017-01-04 16:16:09 to 2017-01-01 09:05:01
Change Access from 2017-01-01 09:05:01 to 2017-01-01 09:05:01

[ERROR| 2017-01-04 16:16:59,470 > 
File Name: 20170101_090501.jpg
File Date: 2017-01-01 09:05:01 (YYYY-MM-DD HH:Mi:SS)
EXIF Date: 0000-00-00 00:00:00 (YYYY-MM-DD HH:Mi:SS)
Change Create from 2017-01-01 09:05:01 to 2017-01-01 09:05:01
Change Modify from 2017-01-04 16:16:09 to 2017-01-01 09:05:01
Change Access from 2017-01-01 09:05:01 to 2017-01-01 09:05:01

[ERROR| 2017-01-04 16:17:09,117 > 
File Name: 20170101-090501.jpg
File Date: 2017-01-01 09:05:01 (YYYY-MM-DD HH:Mi:SS)
EXIF Date: 0000-00-00 00:00:00 (YYYY-MM-DD HH:Mi:SS)
Change Create from 2017-01-01 09:05:01 to 2017-01-01 09:05:01
Change Modify from 2017-01-04 16:16:59 to 2017-01-01 09:05:01
Change Access from 2017-01-01 09:05:01 to 2017-01-01 09:05:01
unknown error occured

[ERROR| 2017-01-04 16:17:09,117 > 
File Name: 20170101-090501.jpg
File Date: 2017-01-01 09:05:01 (YYYY-MM-DD HH:Mi:SS)
EXIF Date: 0000-00-00 00:00:00 (YYYY-MM-DD HH:Mi:SS)
Change Create from 2017-01-01 09:05:01 to 2017-01-01 09:05:01
Change Modify from 2017-01-04 16:16:59 to 2017-01-01 09:05:01
Change Access from 2017-01-01 09:05:01 to 2017-01-01 09:05:01
unknown error occured

[ERROR| 2017-01-04 16:23:26,815 > 
File Name: 20170101-090501.jpg
File Date: 2017-01-01 09:05:01 (YYYY-MM-DD HH:Mi:SS)
EXIF Date: 0000-00-00 00:00:00 (YYYY-MM-DD HH:Mi:SS)
Change Create from 2017-01-01 09:05:01 to 2017-01-01 09:05:01
Change Modify from 2017-01-04 16:17:09 to 2017-01-01 09:05:01
Change Access from 2017-01-01 09:05:01 to 2017-01-01 09:05:01
unknown error occured

[ERROR| 2017-01-04 16:23:26,815 > 
File Name: 20170101-090501.jpg
File Date: 2017-01-01 09:05:01 (YYYY-MM-DD HH:Mi:SS)
EXIF Date: 0000-00-00 00:00:00 (YYYY-MM-DD HH:Mi:SS)
Change Create from 2017-01-01 09:05:01 to 2017-01-01 09:05:01
Change Modify from 2017-01-04 16:17:09 to 2017-01-01 09:05:01
Change Access from 2017-01-01 09:05:01 to 2017-01-01 09:05:01
unknown error occured

[INFO| 2017-01-04 16:24:37,015 > 
File Name: 20170101-090501.jpg
File Date: 2017-01-01 09:05:01 (YYYY-MM-DD HH:Mi:SS)
EXIF Date: 0000-00-00 00:00:00 (YYYY-MM-DD HH:Mi:SS)
Change Create from 2017-01-01 09:05:01 to 2017-01-01 09:05:01
Change Modify from 2017-01-04 16:23:26 to 2017-01-01 09:05:01
Change Access from 2017-01-01 09:05:01 to 2017-01-01 09:05:01
Change file name from 20170101-090501.jpg to 20170101_090501.jpg

[ERROR| 2017-01-04 16:24:37,015 > 
File Name: 20170101-090501.jpg
File Date: 2017-01-01 09:05:01 (YYYY-MM-DD HH:Mi:SS)
EXIF Date: 0000-00-00 00:00:00 (YYYY-MM-DD HH:Mi:SS)
Change Create from 2017-01-01 09:05:01 to 2017-01-01 09:05:01
Change Modify from 2017-01-04 16:23:26 to 2017-01-01 09:05:01
Change Access from 2017-01-01 09:05:01 to 2017-01-01 09:05:01
Change file name from 20170101-090501.jpg to 20170101_090501.jpg

[INFO| 2017-01-04 16:24:55,657 > 
File Name: 20170101_090501.jpg
File Date: 2017-01-01 09:05:01 (YYYY-MM-DD HH:Mi:SS)
EXIF Date: 0000-00-00 00:00:00 (YYYY-MM-DD HH:Mi:SS)
Change Create from 2017-01-01 09:05:01 to 2017-01-01 09:05:01
Change Modify from 2017-01-04 16:24:36 to 2017-01-01 09:05:01
Change Access from 2017-01-01 09:05:01 to 2017-01-01 09:05:01

[ERROR| 2017-01-04 16:24:55,657 > 
File Name: 20170101_090501.jpg
File Date: 2017-01-01 09:05:01 (YYYY-MM-DD HH:Mi:SS)
EXIF Date: 0000-00-00 00:00:00 (YYYY-MM-DD HH:Mi:SS)
Change Create from 2017-01-01 09:05:01 to 2017-01-01 09:05:01
Change Modify from 2017-01-04 16:24:36 to 2017-01-01 09:05:01
Change Access from 2017-01-01 09:05:01 to 2017-01-01 09:05:01

[INFO| 2017-01-04 16:25:07,065 > 
File Name: aaa20170101_090501.jpg
File Date: 2017-01-01 09:05:01 (YYYY-MM-DD HH:Mi:SS)
EXIF Date: 0000-00-00 00:00:00 (YYYY-MM-DD HH:Mi:SS)
Change Create from 2017-01-01 09:05:01 to 2017-01-01 09:05:01
Change Modify from 2017-01-04 16:24:55 to 2017-01-01 09:05:01
Change Access from 2017-01-01 09:05:01 to 2017-01-01 09:05:01
Change file name from aaa20170101_090501.jpg to 20170101_090501.jpg

[ERROR| 2017-01-04 16:25:07,065 > 
File Name: aaa20170101_090501.jpg
File Date: 2017-01-01 09:05:01 (YYYY-MM-DD HH:Mi:SS)
EXIF Date: 0000-00-00 00:00:00 (YYYY-MM-DD HH:Mi:SS)
Change Create from 2017-01-01 09:05:01 to 2017-01-01 09:05:01
Change Modify from 2017-01-04 16:24:55 to 2017-01-01 09:05:01
Change Access from 2017-01-01 09:05:01 to 2017-01-01 09:05:01
Change file name from aaa20170101_090501.jpg to 20170101_090501.jpg

[INFO| 2017-01-04 16:25:33,552 > 
File Name: 20170101_090501.jpg
File Date: 2017-01-01 09:05:01 (YYYY-MM-DD HH:Mi:SS)
EXIF Date: 0000-00-00 00:00:00 (YYYY-MM-DD HH:Mi:SS)
Change Create from 2017-01-01 09:05:01 to 2017-01-01 09:05:01
Change Modify from 2017-01-04 16:25:07 to 2017-01-01 09:05:01
Change Access from 2017-01-01 09:05:01 to 2017-01-01 09:05:01

[ERROR| 2017-01-04 16:25:33,552 > 
File Name: 20170101_090501.jpg
File Date: 2017-01-01 09:05:01 (YYYY-MM-DD HH:Mi:SS)
EXIF Date: 0000-00-00 00:00:00 (YYYY-MM-DD HH:Mi:SS)
Change Create from 2017-01-01 09:05:01 to 2017-01-01 09:05:01
Change Modify from 2017-01-04 16:25:07 to 2017-01-01 09:05:01
Change Access from 2017-01-01 09:05:01 to 2017-01-01 09:05:01

[ERROR| 2017-01-04 16:29:32,007 > 
File Name: 20170101-090501.jpg
File Date: 2017-01-01 09:05:01 (YYYY-MM-DD HH:Mi:SS)
EXIF Date: 0000-00-00 00:00:00 (YYYY-MM-DD HH:Mi:SS)
Change Create from 2017-01-04 16:29:27 to 2017-01-01 09:05:01
Change Modify from 2017-01-04 16:29:31 to 2017-01-01 09:05:01
Change Access from 2017-01-04 16:29:27 to 2017-01-01 09:05:01
unknown error occured

[ERROR| 2017-01-04 16:29:32,007 > 
File Name: 20170101-090501.jpg
File Date: 2017-01-01 09:05:01 (YYYY-MM-DD HH:Mi:SS)
EXIF Date: 0000-00-00 00:00:00 (YYYY-MM-DD HH:Mi:SS)
Change Create from 2017-01-04 16:29:27 to 2017-01-01 09:05:01
Change Modify from 2017-01-04 16:29:31 to 2017-01-01 09:05:01
Change Access from 2017-01-04 16:29:27 to 2017-01-01 09:05:01
unknown error occured

[ERROR| 2017-01-04 16:29:56,494 > 
File Name: 20170101-090501.jpg
File Date: 2017-01-01 09:05:01 (YYYY-MM-DD HH:Mi:SS)
EXIF Date: 0000-00-00 00:00:00 (YYYY-MM-DD HH:Mi:SS)
Change Create from 2017-01-04 16:29:27 to 2017-01-01 09:05:01
Change Modify from 2017-01-04 16:29:31 to 2017-01-01 09:05:01
Change Access from 2017-01-04 16:29:27 to 2017-01-01 09:05:01
unknown error occured

[ERROR| 2017-01-04 16:29:56,496 > 
File Name: 20170101-090501.jpg
File Date: 2017-01-01 09:05:01 (YYYY-MM-DD HH:Mi:SS)
EXIF Date: 0000-00-00 00:00:00 (YYYY-MM-DD HH:Mi:SS)
Change Create from 2017-01-04 16:29:27 to 2017-01-01 09:05:01
Change Modify from 2017-01-04 16:29:31 to 2017-01-01 09:05:01
Change Access from 2017-01-04 16:29:27 to 2017-01-01 09:05:01
unknown error occured

[INFO| 2017-01-04 16:30:25,940 > 
File Name: 20170101-090501.jpg
File Date: 2017-01-01 09:05:01 (YYYY-MM-DD HH:Mi:SS)
EXIF Date: 0000-00-00 00:00:00 (YYYY-MM-DD HH:Mi:SS)
Change Create from 2017-01-04 16:29:27 to 2017-01-01 09:05:01
Change Modify from 2017-01-04 16:29:31 to 2017-01-01 09:05:01
Change Access from 2017-01-04 16:29:27 to 2017-01-01 09:05:01
Change file name from 20170101-090501.jpg to 20170101_090501.jpg

[ERROR| 2017-01-04 16:30:25,940 > 
File Name: 20170101-090501.jpg
File Date: 2017-01-01 09:05:01 (YYYY-MM-DD HH:Mi:SS)
EXIF Date: 0000-00-00 00:00:00 (YYYY-MM-DD HH:Mi:SS)
Change Create from 2017-01-04 16:29:27 to 2017-01-01 09:05:01
Change Modify from 2017-01-04 16:29:31 to 2017-01-01 09:05:01
Change Access from 2017-01-04 16:29:27 to 2017-01-01 09:05:01
Change file name from 20170101-090501.jpg to 20170101_090501.jpg

[ERROR| 2017-01-04 16:31:27,946 > 
File Name: 20170101_090501.jpg
File Date: 2017-01-01 09:05:01 (YYYY-MM-DD HH:Mi:SS)
EXIF Date: 0000-00-00 00:00:00 (YYYY-MM-DD HH:Mi:SS)
Change Create from 2017-01-01 09:05:01 to 2017-01-01 09:05:01
Change Modify from 2017-01-04 16:30:25 to 2017-01-01 09:05:01
Change Access from 2017-01-01 09:05:01 to 2017-01-01 09:05:01
unknown error occured

[ERROR| 2017-01-04 16:31:27,946 > 
File Name: 20170101_090501.jpg
File Date: 2017-01-01 09:05:01 (YYYY-MM-DD HH:Mi:SS)
EXIF Date: 0000-00-00 00:00:00 (YYYY-MM-DD HH:Mi:SS)
Change Create from 2017-01-01 09:05:01 to 2017-01-01 09:05:01
Change Modify from 2017-01-04 16:30:25 to 2017-01-01 09:05:01
Change Access from 2017-01-01 09:05:01 to 2017-01-01 09:05:01
unknown error occured

[ERROR| 2017-01-04 16:31:32,875 > 
File Name: 20170101_090501.jpg
File Date: 2017-01-01 09:05:01 (YYYY-MM-DD HH:Mi:SS)
EXIF Date: 0000-00-00 00:00:00 (YYYY-MM-DD HH:Mi:SS)
Change Create from 2017-01-01 09:05:01 to 2017-01-01 09:05:01
Change Modify from 2017-01-04 16:31:27 to 2017-01-01 09:05:01
Change Access from 2017-01-01 09:05:01 to 2017-01-01 09:05:01
unknown error occured

[ERROR| 2017-01-04 16:31:32,875 > 
File Name: 20170101_090501.jpg
File Date: 2017-01-01 09:05:01 (YYYY-MM-DD HH:Mi:SS)
EXIF Date: 0000-00-00 00:00:00 (YYYY-MM-DD HH:Mi:SS)
Change Create from 2017-01-01 09:05:01 to 2017-01-01 09:05:01
Change Modify from 2017-01-04 16:31:27 to 2017-01-01 09:05:01
Change Access from 2017-01-01 09:05:01 to 2017-01-01 09:05:01
unknown error occured

[ERROR| 2017-01-04 16:32:08,674 > 
File Name: 20170101_090501.jpg
File Date: 2017-01-01 09:05:01 (YYYY-MM-DD HH:Mi:SS)
EXIF Date: 0000-00-00 00:00:00 (YYYY-MM-DD HH:Mi:SS)
Change Create from 2017-01-01 09:05:01 to 2017-01-01 09:05:01
Change Modify from 2017-01-01 09:05:01 to 2017-01-01 09:05:01
Change Access from 2017-01-01 09:05:01 to 2017-01-01 09:05:01
unknown error occured

[ERROR| 2017-01-04 16:32:08,674 > 
File Name: 20170101_090501.jpg
File Date: 2017-01-01 09:05:01 (YYYY-MM-DD HH:Mi:SS)
EXIF Date: 0000-00-00 00:00:00 (YYYY-MM-DD HH:Mi:SS)
Change Create from 2017-01-01 09:05:01 to 2017-01-01 09:05:01
Change Modify from 2017-01-01 09:05:01 to 2017-01-01 09:05:01
Change Access from 2017-01-01 09:05:01 to 2017-01-01 09:05:01
unknown error occured

[INFO| 2017-01-04 16:32:24,154 > 
File Name: 20170101_090501.jpg
File Date: 2017-01-01 09:05:01 (YYYY-MM-DD HH:Mi:SS)
EXIF Date: 0000-00-00 00:00:00 (YYYY-MM-DD HH:Mi:SS)
Change Create from 2017-01-01 09:05:01 to 2017-01-01 09:05:01
Change Modify from 2017-01-01 09:05:01 to 2017-01-01 09:05:01
Change Access from 2017-01-01 09:05:01 to 2017-01-01 09:05:01

[ERROR| 2017-01-04 16:32:24,154 > 
File Name: 20170101_090501.jpg
File Date: 2017-01-01 09:05:01 (YYYY-MM-DD HH:Mi:SS)
EXIF Date: 0000-00-00 00:00:00 (YYYY-MM-DD HH:Mi:SS)
Change Create from 2017-01-01 09:05:01 to 2017-01-01 09:05:01
Change Modify from 2017-01-01 09:05:01 to 2017-01-01 09:05:01
Change Access from 2017-01-01 09:05:01 to 2017-01-01 09:05:01

[ERROR| 2017-01-04 16:33:12,542 > 
File Name: 20170101_090501.jpg
File Date: 2017-01-01 09:05:01 (YYYY-MM-DD HH:Mi:SS)
EXIF Date: 0000-00-00 00:00:00 (YYYY-MM-DD HH:Mi:SS)
Change Create from 2017-01-01 09:05:01 to 2017-01-01 09:05:01
Change Modify from 2017-01-04 16:32:24 to 2017-01-01 09:05:01
Change Access from 2017-01-01 09:05:01 to 2017-01-01 09:05:01
unknown error occured

[ERROR| 2017-01-04 16:33:12,543 > 
File Name: 20170101_090501.jpg
File Date: 2017-01-01 09:05:01 (YYYY-MM-DD HH:Mi:SS)
EXIF Date: 0000-00-00 00:00:00 (YYYY-MM-DD HH:Mi:SS)
Change Create from 2017-01-01 09:05:01 to 2017-01-01 09:05:01
Change Modify from 2017-01-04 16:32:24 to 2017-01-01 09:05:01
Change Access from 2017-01-01 09:05:01 to 2017-01-01 09:05:01
unknown error occured

[ERROR| 2017-01-04 16:44:12,806 > 
File Name: 20170101_090501.jpg
File Date: 2017-01-01 09:05:01 (YYYY-MM-DD HH:Mi:SS)
EXIF Date: 0000-00-00 00:00:00 (YYYY-MM-DD HH:Mi:SS)
Change Create from 2017-01-01 09:05:01 to 2017-01-01 09:05:01
Change Modify from 2017-01-04 16:33:12 to 2017-01-01 09:05:01
Change Access from 2017-01-01 09:05:01 to 2017-01-01 09:05:01
unknown error occured

[ERROR| 2017-01-04 16:44:12,808 > 
File Name: 20170101_090501.jpg
File Date: 2017-01-01 09:05:01 (YYYY-MM-DD HH:Mi:SS)
EXIF Date: 0000-00-00 00:00:00 (YYYY-MM-DD HH:Mi:SS)
Change Create from 2017-01-01 09:05:01 to 2017-01-01 09:05:01
Change Modify from 2017-01-04 16:33:12 to 2017-01-01 09:05:01
Change Access from 2017-01-01 09:05:01 to 2017-01-01 09:05:01
unknown error occured

[INFO| 2017-01-04 16:44:18,099 > 
File Name: 20170101_090501.jpg
File Date: 2017-01-01 09:05:01 (YYYY-MM-DD HH:Mi:SS)
EXIF Date: 0000-00-00 00:00:00 (YYYY-MM-DD HH:Mi:SS)
Change Create from 2017-01-01 09:05:01 to 2017-01-01 09:05:01
Change Modify from 2017-01-04 16:33:12 to 2017-01-01 09:05:01
Change Access from 2017-01-01 09:05:01 to 2017-01-01 09:05:01

[ERROR| 2017-01-04 16:44:18,099 > 
File Name: 20170101_090501.jpg
File Date: 2017-01-01 09:05:01 (YYYY-MM-DD HH:Mi:SS)
EXIF Date: 0000-00-00 00:00:00 (YYYY-MM-DD HH:Mi:SS)
Change Create from 2017-01-01 09:05:01 to 2017-01-01 09:05:01
Change Modify from 2017-01-04 16:33:12 to 2017-01-01 09:05:01
Change Access from 2017-01-01 09:05:01 to 2017-01-01 09:05:01

[ERROR| 2017-01-04 16:45:10,596 > 
File Name: 20170101_090501.jpg
File Date: 2017-01-01 09:05:01 (YYYY-MM-DD HH:Mi:SS)
EXIF Date: 0000-00-00 00:00:00 (YYYY-MM-DD HH:Mi:SS)
Change Create from 2017-01-01 09:05:01 to 2017-01-01 09:05:01
Change Modify from 2017-01-04 16:44:18 to 2017-01-01 09:05:01
Change Access from 2017-01-01 09:05:01 to 2017-01-01 09:05:01
unknown error occured

[ERROR| 2017-01-04 16:45:10,596 > 
File Name: 20170101_090501.jpg
File Date: 2017-01-01 09:05:01 (YYYY-MM-DD HH:Mi:SS)
EXIF Date: 0000-00-00 00:00:00 (YYYY-MM-DD HH:Mi:SS)
Change Create from 2017-01-01 09:05:01 to 2017-01-01 09:05:01
Change Modify from 2017-01-04 16:44:18 to 2017-01-01 09:05:01
Change Access from 2017-01-01 09:05:01 to 2017-01-01 09:05:01
unknown error occured

[INFO| 2017-01-04 16:50:33,756 > 
File Name: 20170101_090501.jpg
File Date: 2017-01-01 09:05:01 (YYYY-MM-DD HH:Mi:SS)
EXIF Date: 0000-00-00 00:00:00 (YYYY-MM-DD HH:Mi:SS)
Change Create from 2017-01-01 09:05:01 to 2017-01-01 09:05:01
Change Modify from 2017-01-04 16:50:33 to 2017-01-01 09:05:01
Change Access from 2017-01-01 09:05:01 to 2017-01-01 09:05:01

[ERROR| 2017-01-04 16:50:33,756 > 
File Name: 20170101_090501.jpg
File Date: 2017-01-01 09:05:01 (YYYY-MM-DD HH:Mi:SS)
EXIF Date: 0000-00-00 00:00:00 (YYYY-MM-DD HH:Mi:SS)
Change Create from 2017-01-01 09:05:01 to 2017-01-01 09:05:01
Change Modify from 2017-01-04 16:50:33 to 2017-01-01 09:05:01
Change Access from 2017-01-01 09:05:01 to 2017-01-01 09:05:01

[ERROR| 2017-01-04 16:52:08,911 > 
File Name: 20170101-090501.jpg
File Date: 2017-01-01 09:05:01 (YYYY-MM-DD HH:Mi:SS)
EXIF Date: 0000-00-00 00:00:00 (YYYY-MM-DD HH:Mi:SS)
Change file name from 20170101-090501.jpg to 20170101_090501.jpg
unknown error occured

[ERROR| 2017-01-04 16:52:08,911 > 
File Name: 20170101-090501.jpg
File Date: 2017-01-01 09:05:01 (YYYY-MM-DD HH:Mi:SS)
EXIF Date: 0000-00-00 00:00:00 (YYYY-MM-DD HH:Mi:SS)
Change file name from 20170101-090501.jpg to 20170101_090501.jpg
unknown error occured

[INFO| 2017-01-04 16:52:19,548 > 
File Name: 20170101_090501.jpg
File Date: 2017-01-01 09:05:01 (YYYY-MM-DD HH:Mi:SS)
EXIF Date: 0000-00-00 00:00:00 (YYYY-MM-DD HH:Mi:SS)
Change Create from 2016-01-02 09:05:01 to 2017-01-01 09:05:01
Change Modify from 2017-01-04 16:52:19 to 2017-01-01 09:05:01
Change Access from 2017-01-04 16:52:01 to 2017-01-01 09:05:01

[ERROR| 2017-01-04 16:52:19,548 > 
File Name: 20170101_090501.jpg
File Date: 2017-01-01 09:05:01 (YYYY-MM-DD HH:Mi:SS)
EXIF Date: 0000-00-00 00:00:00 (YYYY-MM-DD HH:Mi:SS)
Change Create from 2016-01-02 09:05:01 to 2017-01-01 09:05:01
Change Modify from 2017-01-04 16:52:19 to 2017-01-01 09:05:01
Change Access from 2017-01-04 16:52:01 to 2017-01-01 09:05:01

[INFO| 2017-01-04 16:53:20,818 > 
File Name: 20170101_090501.jpg
File Date: 2017-01-01 09:05:01 (YYYY-MM-DD HH:Mi:SS)
EXIF Date: 0000-00-00 00:00:00 (YYYY-MM-DD HH:Mi:SS)
Change Create from 2017-01-01 09:05:01 to 2017-01-01 09:05:01
Change Modify from 2017-01-04 16:53:20 to 2017-01-01 09:05:01
Change Access from 2017-01-01 09:05:01 to 2017-01-01 09:05:01

[ERROR| 2017-01-04 16:53:20,818 > 
File Name: 20170101_090501.jpg
File Date: 2017-01-01 09:05:01 (YYYY-MM-DD HH:Mi:SS)
EXIF Date: 0000-00-00 00:00:00 (YYYY-MM-DD HH:Mi:SS)
Change Create from 2017-01-01 09:05:01 to 2017-01-01 09:05:01
Change Modify from 2017-01-04 16:53:20 to 2017-01-01 09:05:01
Change Access from 2017-01-01 09:05:01 to 2017-01-01 09:05:01

[INFO| 2017-01-04 16:54:35,049 > 
File Name: 20170101-090501.jpg
File Date: 2017-01-01 09:05:01 (YYYY-MM-DD HH:Mi:SS)
EXIF Date: 0000-00-00 00:00:00 (YYYY-MM-DD HH:Mi:SS)
Change Create from 2017-01-04 16:54:32 to 2017-01-01 09:05:01
Change Modify from 2017-01-04 16:54:35 to 2017-01-01 09:05:01
Change Access from 2017-01-04 16:54:32 to 2017-01-01 09:05:01
Change file name from 20170101-090501.jpg to 20170101_090501.jpg

[ERROR| 2017-01-04 16:54:35,049 > 
File Name: 20170101-090501.jpg
File Date: 2017-01-01 09:05:01 (YYYY-MM-DD HH:Mi:SS)
EXIF Date: 0000-00-00 00:00:00 (YYYY-MM-DD HH:Mi:SS)
Change Create from 2017-01-04 16:54:32 to 2017-01-01 09:05:01
Change Modify from 2017-01-04 16:54:35 to 2017-01-01 09:05:01
Change Access from 2017-01-04 16:54:32 to 2017-01-01 09:05:01
Change file name from 20170101-090501.jpg to 20170101_090501.jpg

